INFO:root:Adding file184.big.desktop
INFO:root:Executing: /home/c0rp/Desktop/184.big.desktop
11-04 17:23 root         INFO     Adding file1.2-SNAPSHOT
11-04 17:24 root         INFO     Adding filewebapps
11-04 17:25 root         INFO     Adding file208.desktop
11-04 17:25 root         INFO     Executing: /home/c0rp/Desktop/208.desktop
11-04 17:25 root         INFO     Executing: /home/c0rp/Desktop/208.desktop

11-04 17:26 root         INFO     Executing: /home/c0rp/Desktop/208.desktop

11-04 17:29 root         INFO     Executing: /home/c0rp/Desktop/208.desktop
11-04 17:30 root         INFO     Executing: /home/c0rp/Desktop/208.desktop
11-04 17:31 root         INFO     Executing: /home/c0rp/Desktop/208.desktop
11-04 17:33 root         INFO     Adding filegoogle
11-04 17:33 root         INFO     Executing: /home/c0rp/Dropbox/LinuxSettings/google
11-04 17:33 root         INFO     Executing: /home/c0rp/Dropbox/LinuxSettings/google
11-04 17:35 root         INFO     Executing: /home/c0rp/Dropbox/LinuxSettings/google
11-04 17:35 root         INFO     Executing: /home/c0rp/Desktop/208.desktop
11-04 17:35 root         INFO     Executing: /home/c0rp/Dropbox/LinuxSettings/google
11-04 17:37 root         INFO     Executing: /home/c0rp/Desktop/208.desktop
11-04 17:37 root         INFO     Executing: /home/c0rp/Desktop/208.desktop
11-04 17:37 root         INFO     Executing: /home/c0rp/Dropbox/LinuxSettings/google
11-05 00:45 root         INFO     Adding filejetbrains-pycharm.desktop
11-05 00:45 root         INFO     Executing: /home/c0rp/.local/share/applications/jetbrains-pycharm.desktop
11-05 00:46 root         INFO     Executing: /home/c0rp/Desktop/208.desktop
11-05 00:48 root         INFO     Executing: /home/c0rp/.local/share/applications/jetbrains-pycharm.desktop
11-05 00:48 root         INFO     Executing: /home/c0rp/Desktop/208.desktop
11-05 00:49 root         INFO     Executing: /home/c0rp/.local/share/applications/jetbrains-pycharm.desktop
11-05 00:50 root         INFO     Executing: /home/c0rp/Desktop/208.desktop
11-05 00:50 root         INFO     Executing: /home/c0rp/Desktop/208.desktop
11-05 00:50 root         INFO     Executing: /home/c0rp/.local/share/applications/jetbrains-pycharm.desktop
11-05 13:41 root         INFO     Executing: /home/c0rp/Desktop/208.desktop
11-05 13:41 root         INFO     Executing: /home/c0rp/.local/share/applications/jetbrains-pycharm.desktop
11-06 17:09 root         INFO     Adding file208.desktop
11-06 17:09 root         INFO     Executing: /home/c0rp/Desktop/208.desktop
11-06 17:13 root         INFO     Executing: /home/c0rp/Dropbox/LinuxSettings/google
11-06 17:13 root         INFO     Executing: /home/c0rp/.local/share/applications/jetbrains-pycharm.desktop
11-06 17:13 root         INFO     Adding fileshutter
11-06 17:13 root         INFO     Executing: /home/c0rp/Dropbox/LinuxSettings/shutter
11-06 17:14 root         INFO     Executing: /home/c0rp/Desktop/208.desktop
11-06 23:09 root         INFO     Executing: /home/c0rp/.local/share/applications/jetbrains-pycharm.desktop
11-06 23:09 root         INFO     Adding file
11-06 23:10 root         INFO     Adding file
11-06 23:15 root         INFO     Adding file
11-06 23:17 root         INFO     Adding file
11-06 23:18 root         INFO     Adding file
11-07 13:49 root         INFO     Executing: /home/c0rp/Desktop/208.desktop
11-07 13:50 root         INFO     Executing: /home/c0rp/Desktop/208.desktop
11-07 14:31 root         INFO     Adding file208.desktop
11-07 14:34 root         INFO     Adding file208.desktop
11-07 14:34 root         INFO     Adding file208.desktop
11-07 14:34 root         INFO     Adding file208.desktop
